2021-09-28 11:25:39 [scrapy] ERROR: Error downloading <GET hhttps://www.autocentrum.pl/robots.txt>: Unsupported URL scheme 'hhttps': no handler available for that scheme
Traceback (most recent call last):
  File "/Users/Ania/Python_apps/helloflask/env/lib/python3.9/site-packages/twisted/internet/defer.py", line 1657, in _inlineCallbacks
    result = current_context.run(
  File "/Users/Ania/Python_apps/helloflask/env/lib/python3.9/site-packages/twisted/python/failure.py", line 500, in throwExceptionIntoGenerator
    return g.throw(self.type, self.value, self.tb)
  File "/Users/Ania/Python_apps/helloflask/env/lib/python3.9/site-packages/scrapy/core/downloader/middleware.py", line 44, in process_request
    return (yield download_func(request=request, spider=spider))
  File "/Users/Ania/Python_apps/helloflask/env/lib/python3.9/site-packages/scrapy/utils/defer.py", line 55, in mustbe_deferred
    result = f(*args, **kw)
  File "/Users/Ania/Python_apps/helloflask/env/lib/python3.9/site-packages/scrapy/core/downloader/handlers/__init__.py", line 74, in download_request
    raise NotSupported(f"Unsupported URL scheme '{scheme}': {self._notconfigured[scheme]}")
scrapy.exceptions.NotSupported: Unsupported URL scheme 'hhttps': no handler available for that scheme
2021-09-28 11:25:39 [scrapy] ERROR: Error downloading <GET hhttps://www.autocentrum.pl/paliwa/ceny-paliw/>
scrapy.exceptions.NotSupported: Unsupported URL scheme 'hhttps': no handler available for that scheme

During handling of the above exception, another exception occurred:

Traceback (most recent call last):
  File "/Users/Ania/Python_apps/helloflask/env/lib/python3.9/site-packages/twisted/internet/defer.py", line 1657, in _inlineCallbacks
    result = current_context.run(
  File "/Users/Ania/Python_apps/helloflask/env/lib/python3.9/site-packages/twisted/python/failure.py", line 500, in throwExceptionIntoGenerator
    return g.throw(self.type, self.value, self.tb)
  File "/Users/Ania/Python_apps/helloflask/env/lib/python3.9/site-packages/scrapy/core/downloader/middleware.py", line 44, in process_request
    return (yield download_func(request=request, spider=spider))
  File "/Users/Ania/Python_apps/helloflask/env/lib/python3.9/site-packages/scrapy/utils/defer.py", line 55, in mustbe_deferred
    result = f(*args, **kw)
  File "/Users/Ania/Python_apps/helloflask/env/lib/python3.9/site-packages/scrapy/core/downloader/handlers/__init__.py", line 74, in download_request
    raise NotSupported(f"Unsupported URL scheme '{scheme}': {self._notconfigured[scheme]}")
scrapy.exceptions.NotSupported: Unsupported URL scheme 'hhttps': no handler available for that scheme
2021-09-28 11:25:39 [scrapy] INFO: Closing spider (finished)
2021-09-28 11:25:39 [scrapy] INFO: Dumping Scrapy stats:
{'downloader/exception_count': 2,
 'downloader/exception_type_count/scrapy.exceptions.NotSupported': 2,
 'downloader/request_bytes': 464,
 'downloader/request_count': 2,
 'downloader/request_method_count/GET': 2,
 'elapsed_time_seconds': 0.422155,
 'finish_reason': 'finished',
 'finish_time': datetime.datetime(2021, 9, 28, 9, 25, 39, 908448),
 'log_count/ERROR': 2,
 'log_count/INFO': 7,
 'memusage/max': 53440512,
 'memusage/startup': 53440512,
 "robotstxt/exception_count/<class 'scrapy.exceptions.NotSupported'>": 1,
 'robotstxt/request_count': 1,
 'scheduler/dequeued': 1,
 'scheduler/dequeued/memory': 1,
 'scheduler/enqueued': 1,
 'scheduler/enqueued/memory': 1,
 'start_time': datetime.datetime(2021, 9, 28, 9, 25, 39, 486293)}
2021-09-28 11:25:39 [scrapy] INFO: Spider closed (finished)
